<?xml version="1.0" encoding="UTF-8"?>
<!-- Generated by org.testng.reporters.JUnitXMLReporter -->
<testsuite ignored="0" hostname="DESKTOP-8QBIHO6" failures="0" tests="4" name="Default test" time="14.351" errors="0" timestamp="2024-02-12T16:01:38 IST">
  <testcase classname="TestScript.endtoendTest" name="testcase1" time="1.741"/>
  <testcase classname="TestScript.endtoendTest" name="testcase2" time="1.121"/>
  <testcase classname="TestScript.endtoendTest" name="testcase3" time="2.132"/>
  <testcase classname="TestScript.endtoendTest" name="testcase4" time="0.954"/>
</testsuite> <!-- Default test -->
