<?xml version="1.0" encoding="UTF-8"?>
<testng-results ignored="0" total="4" passed="4" failed="0" skipped="0">
  <reporter-output>
    <line>
      <![CDATA[Connection to server]]>
    </line>
    <line>
      <![CDATA[Connection to DataBase]]>
    </line>
    <line>
      <![CDATA[OpenBrowser]]>
    </line>
    <line>
      <![CDATA[LogIn successfull]]>
    </line>
    <line>
      <![CDATA[LogOut successfull]]>
    </line>
    <line>
      <![CDATA[LogIn successfull]]>
    </line>
    <line>
      <![CDATA[LogOut successfull]]>
    </line>
    <line>
      <![CDATA[LogIn successfull]]>
    </line>
    <line>
      <![CDATA[LogOut successfull]]>
    </line>
    <line>
      <![CDATA[LogIn successfull]]>
    </line>
    <line>
      <![CDATA[LogOut successfull]]>
    </line>
    <line>
      <![CDATA[CloseBrowser]]>
    </line>
    <line>
      <![CDATA[DisConnection to DataBase]]>
    </line>
    <line>
      <![CDATA[DisConnection to server]]>
    </line>
  </reporter-output>
  <suite started-at="2024-02-12T16:01:24 IST" name="Default suite" finished-at="2024-02-12T16:01:38 IST" duration-ms="14351">
    <groups>
    </groups>
    <test started-at="2024-02-12T16:01:24 IST" name="Default test" finished-at="2024-02-12T16:01:38 IST" duration-ms="14351">
      <class name="TestScript.endtoendTest">
        <test-method is-config="true" signature="connectionToServer()[pri:0, instance:TestScript.endtoendTest@9d5509a]" started-at="2024-02-12T16:01:24 IST" name="connectionToServer" finished-at="2024-02-12T16:01:24 IST" duration-ms="17" status="PASS">
          <reporter-output>
            <line>
              <![CDATA[Connection to server]]>
            </line>
          </reporter-output>
        </test-method> <!-- connectionToServer -->
        <test-method is-config="true" signature="connectionToDB()[pri:0, instance:TestScript.endtoendTest@9d5509a]" started-at="2024-02-12T16:01:24 IST" name="connectionToDB" finished-at="2024-02-12T16:01:24 IST" duration-ms="1" status="PASS">
          <reporter-output>
            <line>
              <![CDATA[Connection to DataBase]]>
            </line>
          </reporter-output>
        </test-method> <!-- connectionToDB -->
        <test-method is-config="true" signature="openBrowser()[pri:0, instance:TestScript.endtoendTest@9d5509a]" started-at="2024-02-12T16:01:24 IST" name="openBrowser" finished-at="2024-02-12T16:01:31 IST" duration-ms="7317" status="PASS">
          <reporter-output>
            <line>
              <![CDATA[OpenBrowser]]>
            </line>
          </reporter-output>
        </test-method> <!-- openBrowser -->
        <test-method is-config="true" signature="LogIn()[pri:0, instance:TestScript.endtoendTest@9d5509a]" started-at="2024-02-12T16:01:32 IST" name="LogIn" finished-at="2024-02-12T16:01:32 IST" duration-ms="1" status="PASS">
          <reporter-output>
            <line>
              <![CDATA[LogIn successfull]]>
            </line>
          </reporter-output>
        </test-method> <!-- LogIn -->
        <test-method signature="testcase1(java.lang.String,java.lang.String)[pri:0, instance:TestScript.endtoendTest@9d5509a]" started-at="2024-02-12T16:01:32 IST" name="testcase1" data-provider="credential" finished-at="2024-02-12T16:01:34 IST" duration-ms="1741" status="PASS">
          <params>
            <param index="0">
              <value>
                <![CDATA[nks2@gmail.com]]>
              </value>
            </param>
            <param index="1">
              <value>
                <![CDATA[nitish@123]]>
              </value>
            </param>
          </params>
          <reporter-output>
          </reporter-output>
        </test-method> <!-- testcase1 -->
        <test-method is-config="true" signature="logOut()[pri:0, instance:TestScript.endtoendTest@9d5509a]" started-at="2024-02-12T16:01:34 IST" name="logOut" finished-at="2024-02-12T16:01:34 IST" duration-ms="1" status="PASS">
          <reporter-output>
            <line>
              <![CDATA[LogOut successfull]]>
            </line>
          </reporter-output>
        </test-method> <!-- logOut -->
        <test-method is-config="true" signature="LogIn()[pri:0, instance:TestScript.endtoendTest@9d5509a]" started-at="2024-02-12T16:01:34 IST" name="LogIn" finished-at="2024-02-12T16:01:34 IST" duration-ms="1" status="PASS">
          <reporter-output>
            <line>
              <![CDATA[LogIn successfull]]>
            </line>
          </reporter-output>
        </test-method> <!-- LogIn -->
        <test-method signature="testcase2()[pri:0, instance:TestScript.endtoendTest@9d5509a]" started-at="2024-02-12T16:01:34 IST" name="testcase2" finished-at="2024-02-12T16:01:35 IST" duration-ms="1121" status="PASS">
          <reporter-output>
          </reporter-output>
        </test-method> <!-- testcase2 -->
        <test-method signature="testcase3()[pri:0, instance:TestScript.endtoendTest@9d5509a]" started-at="2024-02-12T16:01:35 IST" name="testcase3" finished-at="2024-02-12T16:01:37 IST" duration-ms="2132" status="PASS">
          <reporter-output>
          </reporter-output>
        </test-method> <!-- testcase3 -->
        <test-method is-config="true" signature="logOut()[pri:0, instance:TestScript.endtoendTest@9d5509a]" started-at="2024-02-12T16:01:35 IST" name="logOut" finished-at="2024-02-12T16:01:35 IST" duration-ms="0" status="PASS">
          <reporter-output>
            <line>
              <![CDATA[LogOut successfull]]>
            </line>
          </reporter-output>
        </test-method> <!-- logOut -->
        <test-method is-config="true" signature="LogIn()[pri:0, instance:TestScript.endtoendTest@9d5509a]" started-at="2024-02-12T16:01:35 IST" name="LogIn" finished-at="2024-02-12T16:01:35 IST" duration-ms="0" status="PASS">
          <reporter-output>
            <line>
              <![CDATA[LogIn successfull]]>
            </line>
          </reporter-output>
        </test-method> <!-- LogIn -->
        <test-method is-config="true" signature="logOut()[pri:0, instance:TestScript.endtoendTest@9d5509a]" started-at="2024-02-12T16:01:37 IST" name="logOut" finished-at="2024-02-12T16:01:37 IST" duration-ms="0" status="PASS">
          <reporter-output>
            <line>
              <![CDATA[LogOut successfull]]>
            </line>
          </reporter-output>
        </test-method> <!-- logOut -->
        <test-method signature="testcase4(java.lang.String,java.lang.String,java.lang.String,java.lang.String,java.lang.String,java.lang.String,java.lang.String)[pri:0, instance:TestScript.endtoendTest@9d5509a]" started-at="2024-02-12T16:01:37 IST" name="testcase4" data-provider="credential1" finished-at="2024-02-12T16:01:38 IST" duration-ms="954" status="PASS">
          <params>
            <param index="0">
              <value>
                <![CDATA[TestYantra]]>
              </value>
            </param>
            <param index="1">
              <value>
                <![CDATA[Bamgalore]]>
              </value>
            </param>
            <param index="2">
              <value>
                <![CDATA[Murgeshpallya]]>
              </value>
            </param>
            <param index="3">
              <value>
                <![CDATA[Karnataka]]>
              </value>
            </param>
            <param index="4">
              <value>
                <![CDATA[560066.0]]>
              </value>
            </param>
            <param index="5">
              <value>
                <![CDATA[9.87654321E8]]>
              </value>
            </param>
            <param index="6">
              <value>
                <![CDATA[12345.0]]>
              </value>
            </param>
          </params>
          <reporter-output>
          </reporter-output>
        </test-method> <!-- testcase4 -->
        <test-method is-config="true" signature="LogIn()[pri:0, instance:TestScript.endtoendTest@9d5509a]" started-at="2024-02-12T16:01:37 IST" name="LogIn" finished-at="2024-02-12T16:01:37 IST" duration-ms="0" status="PASS">
          <reporter-output>
            <line>
              <![CDATA[LogIn successfull]]>
            </line>
          </reporter-output>
        </test-method> <!-- LogIn -->
        <test-method is-config="true" signature="closeBrowser()[pri:0, instance:TestScript.endtoendTest@9d5509a]" started-at="2024-02-12T16:01:38 IST" name="closeBrowser" finished-at="2024-02-12T16:01:38 IST" duration-ms="0" status="PASS">
          <reporter-output>
            <line>
              <![CDATA[CloseBrowser]]>
            </line>
          </reporter-output>
        </test-method> <!-- closeBrowser -->
        <test-method is-config="true" signature="disconnectionToDB()[pri:0, instance:TestScript.endtoendTest@9d5509a]" started-at="2024-02-12T16:01:38 IST" name="disconnectionToDB" finished-at="2024-02-12T16:01:38 IST" duration-ms="9" status="PASS">
          <reporter-output>
            <line>
              <![CDATA[DisConnection to DataBase]]>
            </line>
          </reporter-output>
        </test-method> <!-- disconnectionToDB -->
        <test-method is-config="true" signature="logOut()[pri:0, instance:TestScript.endtoendTest@9d5509a]" started-at="2024-02-12T16:01:38 IST" name="logOut" finished-at="2024-02-12T16:01:38 IST" duration-ms="0" status="PASS">
          <reporter-output>
            <line>
              <![CDATA[LogOut successfull]]>
            </line>
          </reporter-output>
        </test-method> <!-- logOut -->
        <test-method is-config="true" signature="disconnectionToServer()[pri:0, instance:TestScript.endtoendTest@9d5509a]" started-at="2024-02-12T16:01:38 IST" name="disconnectionToServer" finished-at="2024-02-12T16:01:38 IST" duration-ms="0" status="PASS">
          <reporter-output>
            <line>
              <![CDATA[DisConnection to server]]>
            </line>
          </reporter-output>
        </test-method> <!-- disconnectionToServer -->
      </class> <!-- TestScript.endtoendTest -->
    </test> <!-- Default test -->
  </suite> <!-- Default suite -->
</testng-results>
